<?xml version="1.0" encoding="UTF-8"?>
<!-- Generated by org.testng.reporters.JUnitReportReporter -->
<testsuite hostname="Lava" failures="0" tests="2" name="testCases.TC_002_LoginTest" time="5.599" errors="0" timestamp="2025-08-14T22:16:34 IST" skipped="0">
  <testcase classname="testCases.TC_002_LoginTest" name="VerifyLogin_page" time="3.301"/>
  <testcase classname="testCases.TC_002_LoginTest" name="VerifyLogin_page" time="2.298"/>
</testsuite> <!-- testCases.TC_002_LoginTest -->
