<?xml version="1.0" encoding="UTF-8"?>
<!-- Generated by org.testng.reporters.JUnitReportReporter -->
<testsuite hostname="Lava" failures="0" tests="1" name="testCases.TC_002_LoginTest" time="1.786" errors="0" timestamp="2025-08-17T14:52:52 IST" skipped="0">
  <testcase classname="testCases.TC_002_LoginTest" name="VerifyLogin_page" time="1.786"/>
</testsuite> <!-- testCases.TC_002_LoginTest -->
