<?xml version="1.0" encoding="UTF-8"?>
<!-- Generated by org.testng.reporters.JUnitReportReporter -->
<testsuite hostname="Lava" failures="0" tests="1" name="testCases.TC_001_Accountregistrationtest" time="1.926" errors="0" timestamp="2025-08-17T14:52:52 IST" skipped="0">
  <testcase classname="testCases.TC_001_Accountregistrationtest" name="Registrationpagetest" time="1.926"/>
</testsuite> <!-- testCases.TC_001_Accountregistrationtest -->
